Build started 8/7/2017 4:39:01 PM.
     1>Project "C:\Users\Justin B\Documents\Visual Studio 2010\Projects\Bulb\Bulb\Bulb.vcxproj" on node 2 (rebuild target(s)).
     1>_PrepareForClean:
         Deleting file "Release\Bulb.lastbuildstate".
       InitializeBuildStatus:
         Touching "Release\Bulb.unsuccessfulbuild".
       ClCompile:
         c:\Program Files (x86)\Microsoft Visual Studio 10.0\VC\bin\CL.exe /c /IC:\MinGW\include\GL /Zi /nologo /W3 /WX- /Ox /Ob2 /Oi /Ot /Oy- /GL /D _MBCS /Gm- /EHsc /MD /GS /Gy /fp:precise /Zc:wchar_t /Zc:forScope /Fo"Release\\" /Fd"Release\vc100.pdb" /Gd /TP /analyze- /errorReport:prompt bulb_settings.cpp bulb_shader.cpp drawing_tools.cpp gamepad_input.cpp main.cpp shader_utils.cpp
         bulb_settings.cpp
     1>bulb_settings.cpp(245): warning C4244: 'argument' : conversion from 'int' to 'float', possible loss of data
     1>bulb_settings.cpp(245): warning C4244: 'argument' : conversion from 'int' to 'float', possible loss of data
     1>bulb_settings.cpp(248): warning C4244: 'argument' : conversion from 'int' to 'float', possible loss of data
     1>bulb_settings.cpp(253): warning C4244: 'argument' : conversion from 'int' to 'float', possible loss of data
     1>bulb_settings.cpp(254): warning C4244: 'argument' : conversion from 'int' to 'float', possible loss of data
     1>bulb_settings.cpp(265): warning C4244: 'initializing' : conversion from 'int' to 'float', possible loss of data
     1>bulb_settings.cpp(312): error C2039: 'var_int' : is not a member of 'ShaderVariable'
                 c:\users\justin b\documents\visual studio 2010\projects\bulb\bulb\bulb_shader.h(32) : see declaration of 'ShaderVariable'
     1>bulb_settings.cpp(312): error C2039: 'var_int' : is not a member of 'ShaderVariable'
                 c:\users\justin b\documents\visual studio 2010\projects\bulb\bulb\bulb_shader.h(32) : see declaration of 'ShaderVariable'
     1>bulb_settings.cpp(312): error C2039: 'var_int' : is not a member of 'ShaderVariable'
                 c:\users\justin b\documents\visual studio 2010\projects\bulb\bulb\bulb_shader.h(32) : see declaration of 'ShaderVariable'
     1>bulb_settings.cpp(312): error C2039: 'animate' : is not a member of 'ShaderVariable'
                 c:\users\justin b\documents\visual studio 2010\projects\bulb\bulb\bulb_shader.h(32) : see declaration of 'ShaderVariable'
     1>bulb_settings.cpp(315): error C2039: 'var_float' : is not a member of 'ShaderVariable'
                 c:\users\justin b\documents\visual studio 2010\projects\bulb\bulb\bulb_shader.h(32) : see declaration of 'ShaderVariable'
     1>bulb_settings.cpp(315): error C2039: 'var_float' : is not a member of 'ShaderVariable'
                 c:\users\justin b\documents\visual studio 2010\projects\bulb\bulb\bulb_shader.h(32) : see declaration of 'ShaderVariable'
     1>bulb_settings.cpp(315): error C2039: 'var_float' : is not a member of 'ShaderVariable'
                 c:\users\justin b\documents\visual studio 2010\projects\bulb\bulb\bulb_shader.h(32) : see declaration of 'ShaderVariable'
     1>bulb_settings.cpp(315): error C2039: 'animate' : is not a member of 'ShaderVariable'
                 c:\users\justin b\documents\visual studio 2010\projects\bulb\bulb\bulb_shader.h(32) : see declaration of 'ShaderVariable'
     1>bulb_settings.cpp(320): error C2039: 'var_vec2' : is not a member of 'ShaderVariable'
                 c:\users\justin b\documents\visual studio 2010\projects\bulb\bulb\bulb_shader.h(32) : see declaration of 'ShaderVariable'
     1>bulb_settings.cpp(320): error C2039: 'var_vec2' : is not a member of 'ShaderVariable'
                 c:\users\justin b\documents\visual studio 2010\projects\bulb\bulb\bulb_shader.h(32) : see declaration of 'ShaderVariable'
     1>bulb_settings.cpp(320): error C2039: 'var_vec2' : is not a member of 'ShaderVariable'
                 c:\users\justin b\documents\visual studio 2010\projects\bulb\bulb\bulb_shader.h(32) : see declaration of 'ShaderVariable'
     1>bulb_settings.cpp(320): error C2039: 'animate' : is not a member of 'ShaderVariable'
                 c:\users\justin b\documents\visual studio 2010\projects\bulb\bulb\bulb_shader.h(32) : see declaration of 'ShaderVariable'
     1>bulb_settings.cpp(326): error C2039: 'var_vec3' : is not a member of 'ShaderVariable'
                 c:\users\justin b\documents\visual studio 2010\projects\bulb\bulb\bulb_shader.h(32) : see declaration of 'ShaderVariable'
     1>bulb_settings.cpp(326): error C2039: 'var_vec3' : is not a member of 'ShaderVariable'
                 c:\users\justin b\documents\visual studio 2010\projects\bulb\bulb\bulb_shader.h(32) : see declaration of 'ShaderVariable'
     1>bulb_settings.cpp(326): error C2039: 'var_vec3' : is not a member of 'ShaderVariable'
                 c:\users\justin b\documents\visual studio 2010\projects\bulb\bulb\bulb_shader.h(32) : see declaration of 'ShaderVariable'
     1>bulb_settings.cpp(326): error C2039: 'animate' : is not a member of 'ShaderVariable'
                 c:\users\justin b\documents\visual studio 2010\projects\bulb\bulb\bulb_shader.h(32) : see declaration of 'ShaderVariable'
     1>bulb_settings.cpp(331): error C2039: 'var_vec3' : is not a member of 'ShaderVariable'
                 c:\users\justin b\documents\visual studio 2010\projects\bulb\bulb\bulb_shader.h(32) : see declaration of 'ShaderVariable'
     1>bulb_settings.cpp(339): error C2039: 'var_vec4' : is not a member of 'ShaderVariable'
                 c:\users\justin b\documents\visual studio 2010\projects\bulb\bulb\bulb_shader.h(32) : see declaration of 'ShaderVariable'
     1>bulb_settings.cpp(339): error C2039: 'var_vec4' : is not a member of 'ShaderVariable'
                 c:\users\justin b\documents\visual studio 2010\projects\bulb\bulb\bulb_shader.h(32) : see declaration of 'ShaderVariable'
     1>bulb_settings.cpp(339): error C2039: 'var_vec4' : is not a member of 'ShaderVariable'
                 c:\users\justin b\documents\visual studio 2010\projects\bulb\bulb\bulb_shader.h(32) : see declaration of 'ShaderVariable'
     1>bulb_settings.cpp(339): error C2039: 'animate' : is not a member of 'ShaderVariable'
                 c:\users\justin b\documents\visual studio 2010\projects\bulb\bulb\bulb_shader.h(32) : see declaration of 'ShaderVariable'
     1>bulb_settings.cpp(344): error C2039: 'var_vec4' : is not a member of 'ShaderVariable'
                 c:\users\justin b\documents\visual studio 2010\projects\bulb\bulb\bulb_shader.h(32) : see declaration of 'ShaderVariable'
     1>bulb_settings.cpp(349): error C2039: 'animate' : is not a member of 'ShaderVariable'
                 c:\users\justin b\documents\visual studio 2010\projects\bulb\bulb\bulb_shader.h(32) : see declaration of 'ShaderVariable'
     1>bulb_settings.cpp(350): error C2039: 'animate_speed' : is not a member of 'ShaderVariable'
                 c:\users\justin b\documents\visual studio 2010\projects\bulb\bulb\bulb_shader.h(32) : see declaration of 'ShaderVariable'
     1>bulb_settings.cpp(351): error C2039: 'animate_scale' : is not a member of 'ShaderVariable'
                 c:\users\justin b\documents\visual studio 2010\projects\bulb\bulb\bulb_shader.h(32) : see declaration of 'ShaderVariable'
     1>bulb_settings.cpp(352): error C2039: 'animate_offset' : is not a member of 'ShaderVariable'
                 c:\users\justin b\documents\visual studio 2010\projects\bulb\bulb\bulb_shader.h(32) : see declaration of 'ShaderVariable'
     1>bulb_settings.cpp(364): warning C4244: 'argument' : conversion from 'int' to 'float', possible loss of data
     1>bulb_settings.cpp(364): warning C4244: 'argument' : conversion from 'int' to 'float', possible loss of data
     1>bulb_settings.cpp(367): warning C4244: 'argument' : conversion from 'int' to 'float', possible loss of data
     1>bulb_settings.cpp(377): error C2039: 'var_vec3' : is not a member of 'ShaderVariable'
                 c:\users\justin b\documents\visual studio 2010\projects\bulb\bulb\bulb_shader.h(32) : see declaration of 'ShaderVariable'
     1>bulb_settings.cpp(379): warning C4244: 'argument' : conversion from 'int' to 'float', possible loss of data
     1>bulb_settings.cpp(379): warning C4244: 'argument' : conversion from 'int' to 'float', possible loss of data
     1>bulb_settings.cpp(381): error C2039: 'var_vec4' : is not a member of 'ShaderVariable'
                 c:\users\justin b\documents\visual studio 2010\projects\bulb\bulb\bulb_shader.h(32) : see declaration of 'ShaderVariable'
     1>bulb_settings.cpp(383): warning C4244: 'argument' : conversion from 'int' to 'float', possible loss of data
     1>bulb_settings.cpp(383): warning C4244: 'argument' : conversion from 'int' to 'float', possible loss of data
     1>bulb_settings.cpp(387): warning C4244: 'argument' : conversion from 'int' to 'float', possible loss of data
     1>bulb_settings.cpp(388): warning C4244: 'argument' : conversion from 'int' to 'float', possible loss of data
     1>bulb_settings.cpp(403): warning C4244: 'initializing' : conversion from 'int' to 'float', possible loss of data
     1>bulb_settings.cpp(458): warning C4244: 'argument' : conversion from 'int' to 'float', possible loss of data
     1>bulb_settings.cpp(458): warning C4244: 'argument' : conversion from 'int' to 'float', possible loss of data
     1>bulb_settings.cpp(462): warning C4244: 'argument' : conversion from 'int' to 'float', possible loss of data
         bulb_shader.cpp
     1>bulb_shader.cpp(116): warning C4800: 'int' : forcing value to bool 'true' or 'false' (performance warning)
         drawing_tools.cpp
         gamepad_input.cpp
         main.cpp
     1>main.cpp(234): warning C4244: 'argument' : conversion from 'int' to 'float', possible loss of data
     1>main.cpp(234): warning C4244: 'argument' : conversion from 'int' to 'float', possible loss of data
         shader_utils.cpp
     1>Done Building Project "C:\Users\Justin B\Documents\Visual Studio 2010\Projects\Bulb\Bulb\Bulb.vcxproj" (rebuild target(s)) -- FAILED.

Build FAILED.

Time Elapsed 00:00:03.17
