C:\USERS\DINOSAUR\DOCUMENTS\VISUAL STUDIO 2010\PROJECTS\BULB\BULB\DEBUG\BULB.EXE.INTERMEDIATE.MANIFEST
C:\Users\dinosaur\Documents\Visual Studio 2010\Projects\Bulb\Bulb\Debug\Bulb.vcxprojResolveAssemblyReference.cache
C:\Users\dinosaur\Documents\Visual Studio 2010\Projects\Bulb\Bulb\Debug\Bulb.write.1.tlog
C:\Users\dinosaur\Documents\Visual Studio 2010\Projects\Bulb\Bulb\Debug\cl.command.1.tlog
C:\Users\dinosaur\Documents\Visual Studio 2010\Projects\Bulb\Bulb\Debug\CL.read.1.tlog
C:\Users\dinosaur\Documents\Visual Studio 2010\Projects\Bulb\Bulb\Debug\CL.write.1.tlog
C:\USERS\DINOSAUR\DOCUMENTS\VISUAL STUDIO 2010\PROJECTS\BULB\BULB\DEBUG\GAMEPAD_INPUT.OBJ
C:\Users\dinosaur\Documents\Visual Studio 2010\Projects\Bulb\Bulb\Debug\link.command.1.tlog
C:\Users\dinosaur\Documents\Visual Studio 2010\Projects\Bulb\Bulb\Debug\link.read.1.tlog
C:\Users\dinosaur\Documents\Visual Studio 2010\Projects\Bulb\Bulb\Debug\link.write.1.tlog
C:\USERS\DINOSAUR\DOCUMENTS\VISUAL STUDIO 2010\PROJECTS\BULB\BULB\DEBUG\MAIN.OBJ
C:\Users\dinosaur\Documents\Visual Studio 2010\Projects\Bulb\Bulb\Debug\mt.command.1.tlog
C:\Users\dinosaur\Documents\Visual Studio 2010\Projects\Bulb\Bulb\Debug\mt.read.1.tlog
C:\Users\dinosaur\Documents\Visual Studio 2010\Projects\Bulb\Bulb\Debug\mt.write.1.tlog
C:\USERS\DINOSAUR\DOCUMENTS\VISUAL STUDIO 2010\PROJECTS\BULB\BULB\DEBUG\SHADER_UTILS.OBJ
C:\Users\dinosaur\Documents\Visual Studio 2010\Projects\Bulb\Bulb\Debug\vc100.idb
C:\USERS\DINOSAUR\DOCUMENTS\VISUAL STUDIO 2010\PROJECTS\BULB\BULB\DEBUG\VC100.PDB
C:\USERS\DINOSAUR\DOCUMENTS\VISUAL STUDIO 2010\PROJECTS\BULB\DEBUG\BULB.EXE
C:\USERS\DINOSAUR\DOCUMENTS\VISUAL STUDIO 2010\PROJECTS\BULB\DEBUG\BULB.ILK
C:\USERS\DINOSAUR\DOCUMENTS\VISUAL STUDIO 2010\PROJECTS\BULB\DEBUG\BULB.PDB
C:\USERS\JUSTIN B\DOCUMENTS\VISUAL STUDIO 2010\PROJECTS\BULB\BULB\DEBUG\BULB.EXE.INTERMEDIATE.MANIFEST
C:\USERS\JUSTIN B\DOCUMENTS\VISUAL STUDIO 2010\PROJECTS\BULB\BULB\DEBUG\GAMEPAD_INPUT.OBJ
C:\USERS\JUSTIN B\DOCUMENTS\VISUAL STUDIO 2010\PROJECTS\BULB\BULB\DEBUG\MAIN.OBJ
C:\USERS\JUSTIN B\DOCUMENTS\VISUAL STUDIO 2010\PROJECTS\BULB\BULB\DEBUG\SHADER_UTILS.OBJ
C:\USERS\JUSTIN B\DOCUMENTS\VISUAL STUDIO 2010\PROJECTS\BULB\BULB\DEBUG\VC100.PDB
C:\USERS\JUSTIN B\DOCUMENTS\VISUAL STUDIO 2010\PROJECTS\BULB\DEBUG\BULB.EXE
C:\USERS\JUSTIN B\DOCUMENTS\VISUAL STUDIO 2010\PROJECTS\BULB\DEBUG\BULB.ILK
C:\USERS\JUSTIN B\DOCUMENTS\VISUAL STUDIO 2010\PROJECTS\BULB\DEBUG\BULB.PDB
